<?xml version="1.0" encoding="UTF-8"?>
<testsuite xmlns:xsi="http://www.w3.org/2001/XMLSchema-instance" xsi:noNamespaceSchemaLocation="https://maven.apache.org/surefire/maven-surefire-plugin/xsd/surefire-test-report.xsd" name="com.mpei.TripletTests" time="0.148" tests="15" errors="9" skipped="0" failures="2">
  <properties>
    <property name="awt.toolkit" value="sun.awt.X11.XToolkit"/>
    <property name="java.specification.version" value="11"/>
    <property name="sun.cpu.isalist" value=""/>
    <property name="sun.jnu.encoding" value="UTF-8"/>
    <property name="java.class.path" value="/workspaces/TrainJava/deque/target/test-classes:/workspaces/TrainJava/deque/target/classes:/home/codespace/.m2/repository/org/junit/jupiter/junit-jupiter-engine/5.2.0/junit-jupiter-engine-5.2.0.jar:/home/codespace/.m2/repository/org/apiguardian/apiguardian-api/1.0.0/apiguardian-api-1.0.0.jar:/home/codespace/.m2/repository/org/junit/platform/junit-platform-engine/1.2.0/junit-platform-engine-1.2.0.jar:/home/codespace/.m2/repository/org/junit/platform/junit-platform-commons/1.2.0/junit-platform-commons-1.2.0.jar:/home/codespace/.m2/repository/org/opentest4j/opentest4j/1.1.0/opentest4j-1.1.0.jar:/home/codespace/.m2/repository/org/junit/jupiter/junit-jupiter-api/5.2.0/junit-jupiter-api-5.2.0.jar:/home/codespace/.m2/repository/org/junit/platform/junit-platform-runner/1.2.0/junit-platform-runner-1.2.0.jar:/home/codespace/.m2/repository/org/junit/platform/junit-platform-launcher/1.2.0/junit-platform-launcher-1.2.0.jar:/home/codespace/.m2/repository/org/junit/platform/junit-platform-suite-api/1.2.0/junit-platform-suite-api-1.2.0.jar:/home/codespace/.m2/repository/junit/junit/4.12/junit-4.12.jar:/home/codespace/.m2/repository/org/hamcrest/hamcrest-core/1.3/hamcrest-core-1.3.jar:/home/codespace/.m2/repository/org/junit/jupiter/junit-jupiter-params/5.2.0/junit-jupiter-params-5.2.0.jar:src/test/java/:"/>
    <property name="java.vm.vendor" value="Microsoft"/>
    <property name="sun.arch.data.model" value="64"/>
    <property name="java.vendor.url" value="https://www.microsoft.com"/>
    <property name="user.timezone" value=""/>
    <property name="java.vm.specification.version" value="11"/>
    <property name="os.name" value="Linux"/>
    <property name="sun.java.launcher" value="SUN_STANDARD"/>
    <property name="sun.boot.library.path" value="/opt/java/11.0.14/lib"/>
    <property name="sun.java.command" value="/workspaces/TrainJava/deque/target/surefire/surefirebooter6464995702149389074.jar /workspaces/TrainJava/deque/target/surefire 2023-10-29T17-09-09_550-jvmRun1 surefire15368958888632494454tmp surefire_06730784951350294691tmp"/>
    <property name="jdk.debug" value="release"/>
    <property name="surefire.test.class.path" value="/workspaces/TrainJava/deque/target/test-classes:/workspaces/TrainJava/deque/target/classes:/home/codespace/.m2/repository/org/junit/jupiter/junit-jupiter-engine/5.2.0/junit-jupiter-engine-5.2.0.jar:/home/codespace/.m2/repository/org/apiguardian/apiguardian-api/1.0.0/apiguardian-api-1.0.0.jar:/home/codespace/.m2/repository/org/junit/platform/junit-platform-engine/1.2.0/junit-platform-engine-1.2.0.jar:/home/codespace/.m2/repository/org/junit/platform/junit-platform-commons/1.2.0/junit-platform-commons-1.2.0.jar:/home/codespace/.m2/repository/org/opentest4j/opentest4j/1.1.0/opentest4j-1.1.0.jar:/home/codespace/.m2/repository/org/junit/jupiter/junit-jupiter-api/5.2.0/junit-jupiter-api-5.2.0.jar:/home/codespace/.m2/repository/org/junit/platform/junit-platform-runner/1.2.0/junit-platform-runner-1.2.0.jar:/home/codespace/.m2/repository/org/junit/platform/junit-platform-launcher/1.2.0/junit-platform-launcher-1.2.0.jar:/home/codespace/.m2/repository/org/junit/platform/junit-platform-suite-api/1.2.0/junit-platform-suite-api-1.2.0.jar:/home/codespace/.m2/repository/junit/junit/4.12/junit-4.12.jar:/home/codespace/.m2/repository/org/hamcrest/hamcrest-core/1.3/hamcrest-core-1.3.jar:/home/codespace/.m2/repository/org/junit/jupiter/junit-jupiter-params/5.2.0/junit-jupiter-params-5.2.0.jar:src/test/java/:"/>
    <property name="sun.cpu.endian" value="little"/>
    <property name="user.home" value="/home/codespace"/>
    <property name="user.language" value="en"/>
    <property name="java.specification.vendor" value="Oracle Corporation"/>
    <property name="java.version.date" value="2022-02-08"/>
    <property name="java.home" value="/opt/java/11.0.14"/>
    <property name="file.separator" value="/"/>
    <property name="basedir" value="/workspaces/TrainJava/deque"/>
    <property name="java.vm.compressedOopsMode" value="32-bit"/>
    <property name="line.separator" value="&#10;"/>
    <property name="java.specification.name" value="Java Platform API Specification"/>
    <property name="java.vm.specification.vendor" value="Oracle Corporation"/>
    <property name="java.awt.graphicsenv" value="sun.awt.X11GraphicsEnvironment"/>
    <property name="surefire.real.class.path" value="/workspaces/TrainJava/deque/target/surefire/surefirebooter6464995702149389074.jar"/>
    <property name="sun.management.compiler" value="HotSpot 64-Bit Tiered Compilers"/>
    <property name="java.runtime.version" value="11.0.14.1+1-LTS"/>
    <property name="user.name" value="codespace"/>
    <property name="path.separator" value=":"/>
    <property name="os.version" value="6.2.0-1015-azure"/>
    <property name="java.runtime.name" value="OpenJDK Runtime Environment"/>
    <property name="file.encoding" value="UTF-8"/>
    <property name="java.vm.name" value="OpenJDK 64-Bit Server VM"/>
    <property name="java.vendor.version" value="Microsoft-31205"/>
    <property name="localRepository" value="/home/codespace/.m2/repository"/>
    <property name="java.vendor.url.bug" value="https://github.com/microsoft/openjdk/issues"/>
    <property name="java.io.tmpdir" value="/tmp"/>
    <property name="java.version" value="11.0.14.1"/>
    <property name="user.dir" value="/workspaces/TrainJava/deque"/>
    <property name="os.arch" value="amd64"/>
    <property name="java.vm.specification.name" value="Java Virtual Machine Specification"/>
    <property name="java.awt.printerjob" value="sun.print.PSPrinterJob"/>
    <property name="sun.os.patch.level" value="unknown"/>
    <property name="java.library.path" value="/usr/java/packages/lib:/usr/lib64:/lib64:/lib:/usr/lib"/>
    <property name="java.vm.info" value="mixed mode"/>
    <property name="java.vendor" value="Microsoft"/>
    <property name="java.vm.version" value="11.0.14.1+1-LTS"/>
    <property name="sun.io.unicode.encoding" value="UnicodeLittle"/>
    <property name="java.class.version" value="55.0"/>
  </properties>
  <testcase name="testAddLast" classname="com.mpei.TripletTests" time="0.036">
    <error type="java.util.NoSuchElementException">java.util.NoSuchElementException
	at com.mpei.TripletTests.testAddLast(TripletTests.java:117)
</error>
  </testcase>
  <testcase name="testAddNull" classname="com.mpei.TripletTests" time="0.008"/>
  <testcase name="addTest2" classname="com.mpei.TripletTests" time="0.01"/>
  <testcase name="addTest" classname="com.mpei.TripletTests" time="0.001"/>
  <testcase name="testIteratorNoMoreItem" classname="com.mpei.TripletTests" time="0.003">
    <error type="java.lang.NullPointerException">java.lang.NullPointerException
	at com.mpei.TripletTests.testIteratorNoMoreItem(TripletTests.java:224)
</error>
  </testcase>
  <testcase name="testRemoveFirst" classname="com.mpei.TripletTests" time="0.001">
    <error type="java.util.NoSuchElementException">java.util.NoSuchElementException
	at com.mpei.TripletTests.testRemoveFirst(TripletTests.java:146)
</error>
  </testcase>
  <testcase name="testAddFirst" classname="com.mpei.TripletTests" time="0.002">
    <error type="java.util.NoSuchElementException">java.util.NoSuchElementException
	at com.mpei.TripletTests.testAddFirst(TripletTests.java:99)
</error>
  </testcase>
  <testcase name="holeTest" classname="com.mpei.TripletTests" time="0.017"/>
  <testcase name="testRemoveLast" classname="com.mpei.TripletTests" time="0.001">
    <error type="java.util.NoSuchElementException">java.util.NoSuchElementException
	at com.mpei.TripletTests.testRemoveLast(TripletTests.java:170)
</error>
  </testcase>
  <testcase name="testIsEmptyAfterAddRemoveFirst" classname="com.mpei.TripletTests" time="0.004">
    <failure message="expected: &lt;false&gt; but was: &lt;true&gt;" type="org.opentest4j.AssertionFailedError"><![CDATA[org.opentest4j.AssertionFailedError: expected: <false> but was: <true>
	at com.mpei.TripletTests.testIsEmptyAfterAddRemoveFirst(TripletTests.java:76)
]]></failure>
  </testcase>
  <testcase name="removeTest" classname="com.mpei.TripletTests" time="0.001">
    <error type="java.lang.NullPointerException">java.lang.NullPointerException
	at com.mpei.TripletTests.removeTest(TripletTests.java:65)
</error>
  </testcase>
  <testcase name="iterTest" classname="com.mpei.TripletTests" time="0.003">
    <error type="java.lang.NullPointerException">java.lang.NullPointerException
	at com.mpei.TripletTests.iterTest(TripletTests.java:54)
</error>
  </testcase>
  <testcase name="testIterator" classname="com.mpei.TripletTests" time="0.001">
    <error type="java.lang.NullPointerException">java.lang.NullPointerException
	at com.mpei.TripletTests.testIterator(TripletTests.java:194)
</error>
  </testcase>
  <testcase name="removeContainerTest" classname="com.mpei.TripletTests" time="0.004">
    <failure message="expected: &lt;true&gt; but was: &lt;false&gt;" type="org.opentest4j.AssertionFailedError"><![CDATA[org.opentest4j.AssertionFailedError: expected: <true> but was: <false>
	at com.mpei.TripletTests.removeContainerTest(TripletTests.java:290)
]]></failure>
  </testcase>
  <testcase name="testQueueBehavior" classname="com.mpei.TripletTests" time="0">
    <error type="java.util.NoSuchElementException">java.util.NoSuchElementException
	at com.mpei.TripletTests.testQueueBehavior(TripletTests.java:250)
</error>
  </testcase>
</testsuite>