<?xml version="1.0" encoding="UTF-8"?>
<testsuite xmlns:xsi="http://www.w3.org/2001/XMLSchema-instance" xsi:noNamespaceSchemaLocation="https://maven.apache.org/surefire/maven-surefire-plugin/xsd/surefire-test-report.xsd" name="com.mpei.TripletTests" time="0.094" tests="15" errors="6" skipped="0" failures="0">
  <properties>
[...]
</properties>
  <testcase name="testAddLast" classname="com.mpei.TripletTests" time="0.019"/>
  <testcase name="testAddNull" classname="com.mpei.TripletTests" time="0"/>
  <testcase name="addTest2" classname="com.mpei.TripletTests" time="0.005"/>
  <testcase name="addTest" classname="com.mpei.TripletTests" time="0.002"/>
  <testcase name="testIteratorNoMoreItem" classname="com.mpei.TripletTests" time="0.008">
    <error type="java.lang.NullPointerException">java.lang.NullPointerException
	at com.mpei.TripletTests.testIteratorNoMoreItem(TripletTests.java:224)
</error>
  </testcase>
  <testcase name="testRemoveFirst" classname="com.mpei.TripletTests" time="0.001"/>
  <testcase name="testAddFirst" classname="com.mpei.TripletTests" time="0"/>
  <testcase name="holeTest" classname="com.mpei.TripletTests" time="0.016"/>
  <testcase name="testRemoveLast" classname="com.mpei.TripletTests" time="0.012">
    <error message="Index -1 out of bounds for length 5" type="java.lang.ArrayIndexOutOfBoundsException">java.lang.ArrayIndexOutOfBoundsException: Index -1 out of bounds for length 5
	at com.mpei.TripletTests.testRemoveLast(TripletTests.java:185)
</error>
  </testcase>
  <testcase name="testIsEmptyAfterAddRemoveFirst" classname="com.mpei.TripletTests" time="0.001"/>
  <testcase name="removeTest" classname="com.mpei.TripletTests" time="0.002">
    <error type="java.lang.NullPointerException">java.lang.NullPointerException
	at com.mpei.TripletTests.removeTest(TripletTests.java:65)
</error>
  </testcase>
  <testcase name="iterTest" classname="com.mpei.TripletTests" time="0.004">
    <error type="java.lang.NullPointerException">java.lang.NullPointerException
	at com.mpei.TripletTests.iterTest(TripletTests.java:54)
</error>
  </testcase>
  <testcase name="testIterator" classname="com.mpei.TripletTests" time="0.001">
    <error type="java.lang.NullPointerException">java.lang.NullPointerException
	at com.mpei.TripletTests.testIterator(TripletTests.java:194)
</error>
  </testcase>
  <testcase name="removeContainerTest" classname="com.mpei.TripletTests" time="0.001">
    <error type="java.lang.NullPointerException">java.lang.NullPointerException
	at com.mpei.TripletTests.removeContainerTest(TripletTests.java:288)
</error>
  </testcase>
  <testcase name="testQueueBehavior" classname="com.mpei.TripletTests" time="0"/>
</testsuite>