<?xml version="1.0" encoding="UTF-8"?>
<testsuite xmlns:xsi="http://www.w3.org/2001/XMLSchema-instance" xsi:noNamespaceSchemaLocation="https://maven.apache.org/surefire/maven-surefire-plugin/xsd/surefire-test-report.xsd" name="com.mpei.TripletTests" time="0.148" tests="15" errors="9" skipped="0" failures="2">
  <properties>
[...]
</properties>
  <testcase name="testAddLast" classname="com.mpei.TripletTests" time="0.036">
    <error type="java.util.NoSuchElementException">java.util.NoSuchElementException
	at com.mpei.TripletTests.testAddLast(TripletTests.java:117)
</error>
  </testcase>
  <testcase name="testAddNull" classname="com.mpei.TripletTests" time="0.008"/>
  <testcase name="addTest2" classname="com.mpei.TripletTests" time="0.01"/>
  <testcase name="addTest" classname="com.mpei.TripletTests" time="0.001"/>
  <testcase name="testIteratorNoMoreItem" classname="com.mpei.TripletTests" time="0.003">
    <error type="java.lang.NullPointerException">java.lang.NullPointerException
	at com.mpei.TripletTests.testIteratorNoMoreItem(TripletTests.java:224)
</error>
  </testcase>
  <testcase name="testRemoveFirst" classname="com.mpei.TripletTests" time="0.001">
    <error type="java.util.NoSuchElementException">java.util.NoSuchElementException
	at com.mpei.TripletTests.testRemoveFirst(TripletTests.java:146)
</error>
  </testcase>
  <testcase name="testAddFirst" classname="com.mpei.TripletTests" time="0.002">
    <error type="java.util.NoSuchElementException">java.util.NoSuchElementException
	at com.mpei.TripletTests.testAddFirst(TripletTests.java:99)
</error>
  </testcase>
  <testcase name="holeTest" classname="com.mpei.TripletTests" time="0.017"/>
  <testcase name="testRemoveLast" classname="com.mpei.TripletTests" time="0.001">
    <error type="java.util.NoSuchElementException">java.util.NoSuchElementException
	at com.mpei.TripletTests.testRemoveLast(TripletTests.java:170)
</error>
  </testcase>
  <testcase name="testIsEmptyAfterAddRemoveFirst" classname="com.mpei.TripletTests" time="0.004">
    <failure message="expected: &lt;false&gt; but was: &lt;true&gt;" type="org.opentest4j.AssertionFailedError"><![CDATA[org.opentest4j.AssertionFailedError: expected: <false> but was: <true>
	at com.mpei.TripletTests.testIsEmptyAfterAddRemoveFirst(TripletTests.java:76)
]]></failure>
  </testcase>
  <testcase name="removeTest" classname="com.mpei.TripletTests" time="0.001">
    <error type="java.lang.NullPointerException">java.lang.NullPointerException
	at com.mpei.TripletTests.removeTest(TripletTests.java:65)
</error>
  </testcase>
  <testcase name="iterTest" classname="com.mpei.TripletTests" time="0.003">
    <error type="java.lang.NullPointerException">java.lang.NullPointerException
	at com.mpei.TripletTests.iterTest(TripletTests.java:54)
</error>
  </testcase>
  <testcase name="testIterator" classname="com.mpei.TripletTests" time="0.001">
    <error type="java.lang.NullPointerException">java.lang.NullPointerException
	at com.mpei.TripletTests.testIterator(TripletTests.java:194)
</error>
  </testcase>
  <testcase name="removeContainerTest" classname="com.mpei.TripletTests" time="0.004">
    <failure message="expected: &lt;true&gt; but was: &lt;false&gt;" type="org.opentest4j.AssertionFailedError"><![CDATA[org.opentest4j.AssertionFailedError: expected: <true> but was: <false>
	at com.mpei.TripletTests.removeContainerTest(TripletTests.java:290)
]]></failure>
  </testcase>
  <testcase name="testQueueBehavior" classname="com.mpei.TripletTests" time="0">
    <error type="java.util.NoSuchElementException">java.util.NoSuchElementException
	at com.mpei.TripletTests.testQueueBehavior(TripletTests.java:250)
</error>
  </testcase>
</testsuite>