<?xml version="1.0" encoding="UTF-8"?>
<testsuite xmlns:xsi="http://www.w3.org/2001/XMLSchema-instance" xsi:noNamespaceSchemaLocation="https://maven.apache.org/surefire/maven-surefire-plugin/xsd/surefire-test-report.xsd" name="TripletTests" time="0.063" tests="15" errors="0" skipped="0" failures="0">
  <properties>
[...]
</properties>
  <testcase name="testAddLast" classname="TripletTests" time="0"/>
  <testcase name="testAddNull" classname="TripletTests" time="0"/>
  <testcase name="addTest2" classname="TripletTests" time="0"/>
  <testcase name="addTest" classname="TripletTests" time="0"/>
  <testcase name="testIteratorNoMoreItem" classname="TripletTests" time="0"/>
  <testcase name="testRemoveFirst" classname="TripletTests" time="0.001"/>
  <testcase name="testAddFirst" classname="TripletTests" time="0"/>
  <testcase name="holeTest" classname="TripletTests" time="0.024"/>
  <testcase name="testRemoveLast" classname="TripletTests" time="0.001"/>
  <testcase name="testIsEmptyAfterAddRemoveFirst" classname="TripletTests" time="0.001"/>
  <testcase name="removeTest" classname="TripletTests" time="0.001"/>
  <testcase name="iterTest" classname="TripletTests" time="0.018"/>
  <testcase name="testIterator" classname="TripletTests" time="0"/>
  <testcase name="removeContainerTest" classname="TripletTests" time="0"/>
  <testcase name="testQueueBehavior" classname="TripletTests" time="0"/>
</testsuite>